<?xml version="1.0" encoding="UTF-8"?>
<testng-results ignored="0" total="1" passed="1" failed="0" skipped="0">
  <reporter-output>
  </reporter-output>
  <suite started-at="2024-02-06T11:34:09 IST" name="Suite" finished-at="2024-02-06T11:34:17 IST" duration-ms="7914">
    <groups>
    </groups>
    <test started-at="2024-02-06T11:34:09 IST" name="Test" finished-at="2024-02-06T11:34:17 IST" duration-ms="7914">
      <class name="testCases.TC_001_CreateAnAccount">
        <test-method is-config="true" signature="setup(java.lang.String)[pri:0, instance:testCases.TC_001_CreateAnAccount@f5958c9]" started-at="2024-02-06T11:34:09 IST" name="setup" finished-at="2024-02-06T11:34:14 IST" duration-ms="5312" status="PASS">
          <params>
            <param index="0">
              <value>
                <![CDATA[chrome]]>
              </value>
            </param>
          </params>
          <reporter-output>
          </reporter-output>
        </test-method> <!-- setup -->
        <test-method signature="CreateNewAccount()[pri:0, instance:testCases.TC_001_CreateAnAccount@f5958c9]" started-at="2024-02-06T11:34:14 IST" name="CreateNewAccount" finished-at="2024-02-06T11:34:16 IST" duration-ms="1878" status="PASS">
          <reporter-output>
          </reporter-output>
        </test-method> <!-- CreateNewAccount -->
        <test-method is-config="true" signature="close()[pri:0, instance:testCases.TC_001_CreateAnAccount@f5958c9]" started-at="2024-02-06T11:34:16 IST" name="close" finished-at="2024-02-06T11:34:17 IST" duration-ms="208" status="PASS">
          <reporter-output>
          </reporter-output>
        </test-method> <!-- close -->
      </class> <!-- testCases.TC_001_CreateAnAccount -->
    </test> <!-- Test -->
  </suite> <!-- Suite -->
</testng-results>
